<?xml version="1.0" encoding="UTF-8"?>
<coverage generated="1759353716675" clover="3.2.0">
  <project timestamp="1759353716675" name="All files">
    <metrics statements="40" coveredstatements="40" conditionals="10" coveredconditionals="10" methods="16" coveredmethods="16" elements="66" coveredelements="66" complexity="0" loc="40" ncloc="40" packages="2" files="7" classes="7"/>
    <package name="src">
      <metrics statements="9" coveredstatements="9" conditionals="0" coveredconditionals="0" methods="4" coveredmethods="4"/>
      <file name="App.jsx" path="C:\Users\levir\meet\src\App.jsx">
        <metrics statements="2" coveredstatements="2" conditionals="0" coveredconditionals="0" methods="1" coveredmethods="1"/>
        <line num="7" count="1" type="stmt"/>
        <line num="8" count="3" type="stmt"/>
      </file>
      <file name="api.js" path="C:\Users\levir\meet\src\api.js">
        <metrics statements="6" coveredstatements="6" conditionals="0" coveredconditionals="0" methods="3" coveredmethods="3"/>
        <line num="15" count="3" type="stmt"/>
        <line num="16" count="984" type="stmt"/>
        <line num="17" count="4" type="stmt"/>
        <line num="18" count="4" type="stmt"/>
        <line num="26" count="3" type="stmt"/>
        <line num="27" count="6" type="stmt"/>
      </file>
      <file name="mock-data.js" path="C:\Users\levir\meet\src\mock-data.js">
        <metrics statements="1" coveredstatements="1" conditionals="0" coveredconditionals="0" methods="0" coveredmethods="0"/>
        <line num="4" count="3" type="stmt"/>
      </file>
    </package>
    <package name="src.components">
      <metrics statements="31" coveredstatements="31" conditionals="10" coveredconditionals="10" methods="12" coveredmethods="12"/>
      <file name="CitySearch.jsx" path="C:\Users\levir\meet\src\components\CitySearch.jsx">
        <metrics statements="17" coveredstatements="17" conditionals="4" coveredconditionals="4" methods="6" coveredmethods="6"/>
        <line num="7" count="2" type="stmt"/>
        <line num="8" count="46" type="stmt"/>
        <line num="9" count="46" type="stmt"/>
        <line num="10" count="46" type="stmt"/>
        <line num="12" count="46" type="stmt"/>
        <line num="13" count="22" type="stmt"/>
        <line num="14" count="22" type="cond" truecount="2" falsecount="0"/>
        <line num="15" count="315" type="stmt"/>
        <line num="19" count="22" type="stmt"/>
        <line num="20" count="22" type="stmt"/>
        <line num="23" count="46" type="stmt"/>
        <line num="24" count="2" type="stmt"/>
        <line num="25" count="2" type="stmt"/>
        <line num="26" count="2" type="stmt"/>
        <line num="29" count="46" type="stmt"/>
        <line num="36" count="6" type="stmt"/>
        <line num="42" count="30" type="stmt"/>
      </file>
      <file name="Event.js" path="C:\Users\levir\meet\src\components\Event.js">
        <metrics statements="5" coveredstatements="5" conditionals="4" coveredconditionals="4" methods="2" coveredmethods="2"/>
        <line num="4" count="3" type="stmt"/>
        <line num="6" count="256" type="stmt"/>
        <line num="8" count="256" type="stmt"/>
        <line num="9" count="3" type="stmt"/>
        <line num="12" count="256" type="stmt"/>
      </file>
      <file name="EventList.jsx" path="C:\Users\levir\meet\src\components\EventList.jsx">
        <metrics statements="3" coveredstatements="3" conditionals="2" coveredconditionals="2" methods="2" coveredmethods="2"/>
        <line num="6" count="2" type="stmt"/>
        <line num="7" count="6" type="stmt"/>
        <line num="10" count="246" type="stmt"/>
      </file>
      <file name="NumberOfEvents.jsx" path="C:\Users\levir\meet\src\components\NumberOfEvents.jsx">
        <metrics statements="6" coveredstatements="6" conditionals="0" coveredconditionals="0" methods="2" coveredmethods="2"/>
        <line num="4" count="2" type="stmt"/>
        <line num="6" count="10" type="stmt"/>
        <line num="8" count="10" type="stmt"/>
        <line num="9" count="4" type="stmt"/>
        <line num="11" count="4" type="stmt"/>
        <line num="14" count="10" type="stmt"/>
      </file>
    </package>
  </project>
</coverage>
