{"C:\\Users\\levir\\meet\\src\\App.jsx": {"path":"C:\\Users\\levir\\meet\\src\\App.jsx","statementMap":{"0":{"start":{"line":7,"column":12},"end":{"line":15,"column":1}},"1":{"start":{"line":8,"column":2},"end":{"line":14,"column":4}}},"fnMap":{"0":{"name":"(anonymous_0)","decl":{"start":{"line":7,"column":12},"end":{"line":7,"column":13}},"loc":{"start":{"line":7,"column":18},"end":{"line":15,"column":1}},"line":7}},"branchMap":{},"s":{"0":1,"1":3},"f":{"0":3},"b":{},"_coverageSchema":"1a1c01bbd47fc00a2c39e90264f33305004495a9","hash":"58863f9edeec154762077b7d05abe00266cb66a5"}
,"C:\\Users\\levir\\meet\\src\\api.js": {"path":"C:\\Users\\levir\\meet\\src\\api.js","statementMap":{"0":{"start":{"line":15,"column":32},"end":{"line":19,"column":1}},"1":{"start":{"line":16,"column":29},"end":{"line":16,"column":66}},"2":{"start":{"line":16,"column":51},"end":{"line":16,"column":65}},"3":{"start":{"line":17,"column":20},"end":{"line":17,"column":52}},"4":{"start":{"line":18,"column":2},"end":{"line":18,"column":19}},"5":{"start":{"line":26,"column":25},"end":{"line":28,"column":1}},"6":{"start":{"line":27,"column":2},"end":{"line":27,"column":18}}},"fnMap":{"0":{"name":"(anonymous_0)","decl":{"start":{"line":15,"column":32},"end":{"line":15,"column":33}},"loc":{"start":{"line":15,"column":44},"end":{"line":19,"column":1}},"line":15},"1":{"name":"(anonymous_1)","decl":{"start":{"line":16,"column":40},"end":{"line":16,"column":41}},"loc":{"start":{"line":16,"column":51},"end":{"line":16,"column":65}},"line":16},"2":{"name":"(anonymous_2)","decl":{"start":{"line":26,"column":25},"end":{"line":26,"column":26}},"loc":{"start":{"line":26,"column":37},"end":{"line":28,"column":1}},"line":26}},"branchMap":{},"s":{"0":3,"1":4,"2":984,"3":4,"4":4,"5":3,"6":6},"f":{"0":4,"1":984,"2":6},"b":{},"_coverageSchema":"1a1c01bbd47fc00a2c39e90264f33305004495a9","hash":"126cd04802f06ac6f71c9b55e104cea87b17e2f1"}
,"C:\\Users\\levir\\meet\\src\\mock-data.js": {"path":"C:\\Users\\levir\\meet\\src\\mock-data.js","statementMap":{"0":{"start":{"line":4,"column":17},"end":{"line":14789,"column":1}}},"fnMap":{},"branchMap":{},"s":{"0":3},"f":{},"b":{},"_coverageSchema":"1a1c01bbd47fc00a2c39e90264f33305004495a9","hash":"f3b28b83e33286378100f0a2950826c49916ddb0"}
,"C:\\Users\\levir\\meet\\src\\components\\CitySearch.jsx": {"path":"C:\\Users\\levir\\meet\\src\\components\\CitySearch.jsx","statementMap":{"0":{"start":{"line":7,"column":19},"end":{"line":52,"column":1}},"1":{"start":{"line":8,"column":48},"end":{"line":8,"column":63}},"2":{"start":{"line":9,"column":28},"end":{"line":9,"column":40}},"3":{"start":{"line":10,"column":40},"end":{"line":10,"column":52}},"4":{"start":{"line":12,"column":31},"end":{"line":21,"column":3}},"5":{"start":{"line":13,"column":18},"end":{"line":13,"column":36}},"6":{"start":{"line":14,"column":30},"end":{"line":16,"column":11}},"7":{"start":{"line":15,"column":6},"end":{"line":15,"column":70}},"8":{"start":{"line":19,"column":4},"end":{"line":19,"column":20}},"9":{"start":{"line":20,"column":4},"end":{"line":20,"column":38}},"10":{"start":{"line":23,"column":30},"end":{"line":27,"column":3}},"11":{"start":{"line":24,"column":18},"end":{"line":24,"column":42}},"12":{"start":{"line":25,"column":4},"end":{"line":25,"column":20}},"13":{"start":{"line":26,"column":4},"end":{"line":26,"column":30}},"14":{"start":{"line":29,"column":2},"end":{"line":51,"column":2}},"15":{"start":{"line":36,"column":23},"end":{"line":36,"column":47}},"16":{"start":{"line":42,"column":12},"end":{"line":42,"column":85}}},"fnMap":{"0":{"name":"(anonymous_0)","decl":{"start":{"line":7,"column":19},"end":{"line":7,"column":20}},"loc":{"start":{"line":7,"column":41},"end":{"line":52,"column":1}},"line":7},"1":{"name":"(anonymous_1)","decl":{"start":{"line":12,"column":31},"end":{"line":12,"column":32}},"loc":{"start":{"line":12,"column":42},"end":{"line":21,"column":3}},"line":12},"2":{"name":"(anonymous_2)","decl":{"start":{"line":14,"column":65},"end":{"line":14,"column":66}},"loc":{"start":{"line":14,"column":79},"end":{"line":16,"column":5}},"line":14},"3":{"name":"(anonymous_3)","decl":{"start":{"line":23,"column":30},"end":{"line":23,"column":31}},"loc":{"start":{"line":23,"column":41},"end":{"line":27,"column":3}},"line":23},"4":{"name":"(anonymous_4)","decl":{"start":{"line":36,"column":17},"end":{"line":36,"column":18}},"loc":{"start":{"line":36,"column":23},"end":{"line":36,"column":47}},"line":36},"5":{"name":"(anonymous_5)","decl":{"start":{"line":41,"column":27},"end":{"line":41,"column":28}},"loc":{"start":{"line":41,"column":43},"end":{"line":43,"column":11}},"line":41}},"branchMap":{"0":{"loc":{"start":{"line":14,"column":30},"end":{"line":16,"column":11}},"type":"cond-expr","locations":[{"start":{"line":14,"column":45},"end":{"line":16,"column":6}},{"start":{"line":16,"column":9},"end":{"line":16,"column":11}}],"line":14},"1":{"loc":{"start":{"line":39,"column":7},"end":{"line":48,"column":14}},"type":"cond-expr","locations":[{"start":{"line":40,"column":8},"end":{"line":47,"column":13}},{"start":{"line":48,"column":10},"end":{"line":48,"column":14}}],"line":39}},"s":{"0":2,"1":46,"2":46,"3":46,"4":46,"5":22,"6":22,"7":315,"8":22,"9":22,"10":46,"11":2,"12":2,"13":2,"14":46,"15":6,"16":30},"f":{"0":46,"1":22,"2":315,"3":2,"4":6,"5":30},"b":{"0":[21,1],"1":[28,18]},"_coverageSchema":"1a1c01bbd47fc00a2c39e90264f33305004495a9","hash":"d17452ed383480cc55d4b68671e0efa6a7b1650e"}
,"C:\\Users\\levir\\meet\\src\\components\\Event.js": {"path":"C:\\Users\\levir\\meet\\src\\components\\Event.js","statementMap":{"0":{"start":{"line":4,"column":14},"end":{"line":36,"column":1}},"1":{"start":{"line":6,"column":40},"end":{"line":6,"column":55}},"2":{"start":{"line":8,"column":24},"end":{"line":10,"column":3}},"3":{"start":{"line":9,"column":4},"end":{"line":9,"column":33}},"4":{"start":{"line":12,"column":2},"end":{"line":35,"column":4}}},"fnMap":{"0":{"name":"(anonymous_0)","decl":{"start":{"line":4,"column":14},"end":{"line":4,"column":15}},"loc":{"start":{"line":4,"column":29},"end":{"line":36,"column":1}},"line":4},"1":{"name":"(anonymous_1)","decl":{"start":{"line":8,"column":24},"end":{"line":8,"column":25}},"loc":{"start":{"line":8,"column":30},"end":{"line":10,"column":3}},"line":8}},"branchMap":{"0":{"loc":{"start":{"line":21,"column":7},"end":{"line":29,"column":7}},"type":"binary-expr","locations":[{"start":{"line":21,"column":7},"end":{"line":21,"column":18}},{"start":{"line":22,"column":8},"end":{"line":28,"column":14}}],"line":21},"1":{"loc":{"start":{"line":32,"column":9},"end":{"line":32,"column":54}},"type":"cond-expr","locations":[{"start":{"line":32,"column":23},"end":{"line":32,"column":37}},{"start":{"line":32,"column":40},"end":{"line":32,"column":54}}],"line":32}},"s":{"0":3,"1":256,"2":256,"3":3,"4":256},"f":{"0":256,"1":3},"b":{"0":[256,2],"1":[2,254]},"_coverageSchema":"1a1c01bbd47fc00a2c39e90264f33305004495a9","hash":"3499e5bc3ca819f8c6b4eec5a7afdeb465f4a87c"}
,"C:\\Users\\levir\\meet\\src\\components\\EventList.jsx": {"path":"C:\\Users\\levir\\meet\\src\\components\\EventList.jsx","statementMap":{"0":{"start":{"line":6,"column":18},"end":{"line":15,"column":1}},"1":{"start":{"line":7,"column":1},"end":{"line":14,"column":3}},"2":{"start":{"line":10,"column":26},"end":{"line":10,"column":64}}},"fnMap":{"0":{"name":"(anonymous_0)","decl":{"start":{"line":6,"column":18},"end":{"line":6,"column":19}},"loc":{"start":{"line":6,"column":34},"end":{"line":15,"column":1}},"line":6},"1":{"name":"(anonymous_1)","decl":{"start":{"line":10,"column":17},"end":{"line":10,"column":18}},"loc":{"start":{"line":10,"column":26},"end":{"line":10,"column":64}},"line":10}},"branchMap":{"0":{"loc":{"start":{"line":9,"column":6},"end":{"line":12,"column":10}},"type":"cond-expr","locations":[{"start":{"line":10,"column":6},"end":{"line":10,"column":65}},{"start":{"line":12,"column":6},"end":{"line":12,"column":10}}],"line":9}},"s":{"0":2,"1":6,"2":246},"f":{"0":6,"1":246},"b":{"0":[1,5]},"_coverageSchema":"1a1c01bbd47fc00a2c39e90264f33305004495a9","hash":"fb9c5e1f0e65ac3cb81b039f3a2b2c5b52a42a09"}
,"C:\\Users\\levir\\meet\\src\\components\\NumberOfEvents.jsx": {"path":"C:\\Users\\levir\\meet\\src\\components\\NumberOfEvents.jsx","statementMap":{"0":{"start":{"line":4,"column":23},"end":{"line":26,"column":1}},"1":{"start":{"line":6,"column":32},"end":{"line":6,"column":44}},"2":{"start":{"line":8,"column":31},"end":{"line":12,"column":5}},"3":{"start":{"line":9,"column":22},"end":{"line":9,"column":40}},"4":{"start":{"line":11,"column":8},"end":{"line":11,"column":25}},"5":{"start":{"line":14,"column":4},"end":{"line":25,"column":6}}},"fnMap":{"0":{"name":"(anonymous_0)","decl":{"start":{"line":4,"column":23},"end":{"line":4,"column":24}},"loc":{"start":{"line":4,"column":29},"end":{"line":26,"column":1}},"line":4},"1":{"name":"(anonymous_1)","decl":{"start":{"line":8,"column":31},"end":{"line":8,"column":32}},"loc":{"start":{"line":8,"column":42},"end":{"line":12,"column":5}},"line":8}},"branchMap":{},"s":{"0":2,"1":10,"2":10,"3":4,"4":4,"5":10},"f":{"0":10,"1":4},"b":{},"_coverageSchema":"1a1c01bbd47fc00a2c39e90264f33305004495a9","hash":"284f74d8bc411abcbe45a5ab02b206775f6e7fa7"}
}
