TN:
SF:src\App.jsx
FN:7,(anonymous_0)
FNF:1
FNH:1
FNDA:3,(anonymous_0)
DA:7,1
DA:8,3
LF:2
LH:2
BRF:0
BRH:0
end_of_record
TN:
SF:src\api.js
FN:15,(anonymous_0)
FN:16,(anonymous_1)
FN:26,(anonymous_2)
FNF:3
FNH:3
FNDA:4,(anonymous_0)
FNDA:984,(anonymous_1)
FNDA:6,(anonymous_2)
DA:15,3
DA:16,984
DA:17,4
DA:18,4
DA:26,3
DA:27,6
LF:6
LH:6
BRF:0
BRH:0
end_of_record
TN:
SF:src\mock-data.js
FNF:0
FNH:0
DA:4,3
LF:1
LH:1
BRF:0
BRH:0
end_of_record
TN:
SF:src\components\CitySearch.jsx
FN:7,(anonymous_0)
FN:12,(anonymous_1)
FN:14,(anonymous_2)
FN:23,(anonymous_3)
FN:36,(anonymous_4)
FN:41,(anonymous_5)
FNF:6
FNH:6
FNDA:46,(anonymous_0)
FNDA:22,(anonymous_1)
FNDA:315,(anonymous_2)
FNDA:2,(anonymous_3)
FNDA:6,(anonymous_4)
FNDA:30,(anonymous_5)
DA:7,2
DA:8,46
DA:9,46
DA:10,46
DA:12,46
DA:13,22
DA:14,22
DA:15,315
DA:19,22
DA:20,22
DA:23,46
DA:24,2
DA:25,2
DA:26,2
DA:29,46
DA:36,6
DA:42,30
LF:17
LH:17
BRDA:14,0,0,21
BRDA:14,0,1,1
BRDA:39,1,0,28
BRDA:39,1,1,18
BRF:4
BRH:4
end_of_record
TN:
SF:src\components\Event.js
FN:4,(anonymous_0)
FN:8,(anonymous_1)
FNF:2
FNH:2
FNDA:256,(anonymous_0)
FNDA:3,(anonymous_1)
DA:4,3
DA:6,256
DA:8,256
DA:9,3
DA:12,256
LF:5
LH:5
BRDA:21,0,0,256
BRDA:21,0,1,2
BRDA:32,1,0,2
BRDA:32,1,1,254
BRF:4
BRH:4
end_of_record
TN:
SF:src\components\EventList.jsx
FN:6,(anonymous_0)
FN:10,(anonymous_1)
FNF:2
FNH:2
FNDA:6,(anonymous_0)
FNDA:246,(anonymous_1)
DA:6,2
DA:7,6
DA:10,246
LF:3
LH:3
BRDA:9,0,0,1
BRDA:9,0,1,5
BRF:2
BRH:2
end_of_record
TN:
SF:src\components\NumberOfEvents.jsx
FN:4,(anonymous_0)
FN:8,(anonymous_1)
FNF:2
FNH:2
FNDA:10,(anonymous_0)
FNDA:4,(anonymous_1)
DA:4,2
DA:6,10
DA:8,10
DA:9,4
DA:11,4
DA:14,10
LF:6
LH:6
BRF:0
BRH:0
end_of_record
